C51 COMPILER V9.52.0.0   LCD1602                                                           07/30/2019 12:10:47 PAGE 1   


C51 COMPILER V9.52.0.0, COMPILATION OF MODULE LCD1602
OBJECT MODULE PLACED IN LCD1602.OBJ
COMPILER INVOKED BY: D:\keil4\a1\C51\BIN\C51.EXE LCD1602.c BROWSE DEBUG OBJECTEXTEND TABS(2)

line level    source

   1          #include "LCD1602.h"
   2          
   3          void delay_50us_1602(unsigned int t)
   4          {
   5   1        unsigned char j;
   6   1        for(;t>0;t--)
   7   1          for(j=19;j>0;j--);
   8   1      }
   9          
  10          void LCD1602_write_com(unsigned char com) 
  11          {
  12   1        LCD1602_E = 1;
  13   1        LCD1602_RS = 0;
  14   1        LCD1602_RW = 0;
  15   1        LCD1602_Data= com;
  16   1        delay_50us_1602(10);
  17   1        LCD1602_E = 1;
  18   1        delay_50us_1602(20);
  19   1        LCD1602_E = 0;
  20   1      }
  21          
  22          void LCD1602_write_data(unsigned int dat)
  23          {
  24   1        LCD1602_E = 0;
  25   1        LCD1602_RS = 1;
  26   1        LCD1602_RW = 0;
  27   1        LCD1602_Data = dat;
  28   1        delay_50us_1602(10);
  29   1        LCD1602_E = 1;
  30   1        delay_50us_1602(20);
  31   1        LCD1602_E = 0;
  32   1      }
  33          
  34          void LCD1602_init(void)
  35          {
  36   1         delay_50us_1602(300);
  37   1         LCD1602_write_com(0X38);
  38   1         delay_50us_1602(100);
  39   1         LCD1602_write_com(0X38);
  40   1         delay_50us_1602(100);
  41   1         LCD1602_write_com(0X38);
  42   1         LCD1602_write_com(0X38);
  43   1         LCD1602_write_com(0Xc8);
  44   1         LCD1602_write_com(0Xc1);
  45   1         LCD1602_write_com(0X06);
  46   1         LCD1602_write_com(0X0C);
  47   1         
  48   1      }
  49          
  50          /*******************************************
  51          函数名称：Disp_ZF
  52          功    能：控制液晶显示字符
  53          参    数：addr--显示位置的首地址
  54                    pt--指向显示数据的指针
  55                    num--显示字符个数
C51 COMPILER V9.52.0.0   LCD1602                                                           07/30/2019 12:10:47 PAGE 2   

  56          返回值  ：无
  57          ********************************************/
  58          void LCD1602_Disp_ZF(unsigned char addr,const unsigned char * pt,unsigned char num)
  59          {
  60   1        unsigned char i;
  61   1        LCD1602_write_com(addr); 
  62   1        for(i = 0;i < (num*1);i++) 
  63   1          LCD1602_write_data(*(pt++)); 
  64   1      } 
  65          
  66          void LCD1602_Clear(void) { 
  67   1       LCD1602_write_com(0x01); 
  68   1       delay_50us_1602(5);
  69   1       delay_50us_1602(5);
  70   1       delay_50us_1602(5);
  71   1      }
  72          
  73          void LCD1602_chars(unsigned char x,unsigned char y,unsigned char *s){
  74   1       if (y == 0) {     
  75   2       LCD1602_write_com(0x80 + x);     
  76   2       }else {     
  77   2       LCD1602_write_com(0xC0 + x);     
  78   2       }        
  79   1       while (*s) {     
  80   2       LCD1602_write_data( *s);     
  81   2       s ++;     
  82   2       }
  83   1      }


MODULE INFORMATION:   STATIC OVERLAYABLE
   CODE SIZE        =    213    ----
   CONSTANT SIZE    =   ----    ----
   XDATA SIZE       =   ----    ----
   PDATA SIZE       =   ----    ----
   DATA SIZE        =   ----       5
   IDATA SIZE       =   ----    ----
   BIT SIZE         =   ----    ----
END OF MODULE INFORMATION.


C51 COMPILATION COMPLETE.  0 WARNING(S),  0 ERROR(S)
