C51 COMPILER V9.52.0.0   MIAN                                                              07/30/2019 12:10:47 PAGE 1   


C51 COMPILER V9.52.0.0, COMPILATION OF MODULE MIAN
OBJECT MODULE PLACED IN mian.OBJ
COMPILER INVOKED BY: D:\keil4\a1\C51\BIN\C51.EXE mian.c BROWSE DEBUG OBJECTEXTEND TABS(2)

line level    source

   1          #include <reg52.h>
   2          #include "LCD1602.h"
   3          
   4          void main(void){
   5   1        LCD1602_init();
   6   1        LCD1602_Clear();
   7   1        
   8   1        LCD1602_Disp_ZF(0x80,"Time:",5);
   9   1        LCD1602_Disp_ZF(0x80+0x40,"Please Swipecard",16);
  10   1        
  11   1        LCD1602_chars(7, 0, "20");
  12   1        //LCD1602_write_com(0x85);
  13   1        //LCD1602_write_data('A');
  14   1        //LCD1602_write_data('B');
  15   1      
  16   1        while(1);
  17   1      }
  18          


MODULE INFORMATION:   STATIC OVERLAYABLE
   CODE SIZE        =     49    ----
   CONSTANT SIZE    =     26    ----
   XDATA SIZE       =   ----    ----
   PDATA SIZE       =   ----    ----
   DATA SIZE        =   ----    ----
   IDATA SIZE       =   ----    ----
   BIT SIZE         =   ----    ----
END OF MODULE INFORMATION.


C51 COMPILATION COMPLETE.  0 WARNING(S),  0 ERROR(S)
